accounts/simonebestagno/config.yml has been saved last time at 2026-05-12 11:01:04
[05/12 11:28:10]     INFO | Checking for updates...
[05/12 11:28:11]     INFO | Bot is updated.
[05/12 11:28:11]     INFO | GramAddict v.3.2.12
[05/12 11:28:11]     INFO | Loading plugins . . .
[05/12 11:28:11]     INFO |   - ActionUnfollowFollowers: Handles the functionality of unfollowing your followers
[05/12 11:28:11]     INFO |   - ClonedApp: Adds support for cloned apps
[05/12 11:28:11]     INFO |   - CoreArguments: Simply adds core arguments
[05/12 11:28:11]     INFO |   - DataAnalytics: Generates a PDF analytics report of current username session data
[05/12 11:28:11]     INFO |   - DmFollowback: Send a DM to users who followed me back after the bot followed them.
[05/12 11:28:11]     INFO |   - InteractBloggerPostLikers: Handles the functionality of interacting with a blogger
[05/12 11:28:11]     INFO |   - InteractBloggerFollowers_Following: Handles the functionality of interacting with a bloggers followers/following
[05/12 11:28:11]     INFO |   - InteractBloggerPostLikers: Handles the functionality of interacting with a blogger post likers
[05/12 11:28:11]     INFO |   - InteractOwnFeed: Handles the functionality of interacting with your own feed
[05/12 11:28:11]     INFO |   - InteractHashtagLikers: Handles the functionality of interacting with a hashtags likers
[05/12 11:28:11]     INFO |   - InteractHashtagPosts: Handles the functionality of interacting with a hashtags post owners
[05/12 11:28:11]     INFO |   - InteractPlaceLikers: Handles the functionality of interacting with a places likers
[05/12 11:28:11]     INFO |   - InteractPlacePosts: Handles the functionality of interacting with a places post owners
[05/12 11:28:11]     INFO |   - LikeFromURLs: Likes a post from url. The urls are read from a plaintext file
[05/12 11:28:11]     INFO |   - RemoveFollowersFromList: Remove account followers from a list of usernames
[05/12 11:28:11]     INFO |   - TelegramReports: Generate reports at the end of the session and send them using telegram
[05/12 11:28:11]     INFO | Time delta has set to 00:00:34.
[05/12 11:28:12]     INFO | Screen timeout is fine!
[05/12 11:28:12]     INFO | -------- START: 11:28:12 - 2026/05/12 --------
[05/12 11:28:12]     INFO | Device screen ON and unlocked.
[05/12 11:28:12]     INFO | Open Instagram app.
[05/12 11:28:18]     INFO | Ready for botting!\U0001f92b
[05/12 11:28:19]     INFO | FastInputIME is the default keyboard.
[05/12 11:28:19]     INFO | Instagram version: 278.0.0.22.117
[05/12 11:28:43]     INFO | You are already logged as simonebestagno!
[05/12 11:28:43]     INFO | Refresh account...
[05/12 11:28:49]     INFO | Hello, @simonebestagno! You have 35900 followers and 928 followings so far.
[05/12 11:28:49]     INFO | You have 1 session(s) left. You can stop the bot by pressing CTRL+C in console.
[05/12 11:28:52]     INFO | There is/are 1 active-job(s) and 0 unfollow-job(s) scheduled for this session.
[05/12 11:28:52]  WARNING | Filters are disabled! (The default values in the documentation have been chosen!)
[05/12 11:28:52]     INFO | [throttle] ActionThrottler disabled by config.
[05/12 11:28:52]     INFO | ----------------------------------------------------------------------
[05/12 11:28:52]     INFO | Session ending conditions:          Value
[05/12 11:28:52]     INFO | ----------------------------------------------------------------------
[05/12 11:28:52]     INFO | Likes:                              True
[05/12 11:28:52]     INFO | Follows:                            False
[05/12 11:28:52]     INFO | Watches:                            False
[05/12 11:28:52]     INFO | Comments:                           False
[05/12 11:28:52]     INFO | PM:                                 False
[05/12 11:28:52]     INFO | Total actions:                      True (not mutable)
[05/12 11:28:52]     INFO | Total successfull actions:          True (not mutable)
[05/12 11:28:52]     INFO | For more info -> https://github.com/GramAddict/docs/blob/main/configuration.md#ending-session-conditions
[05/12 11:28:52]     INFO | ----------------------------------------------------------------------
[05/12 11:29:02]     INFO | Checking session limits:
[05/12 11:29:02]     INFO | - Total Likes:				OK (0/1)
[05/12 11:29:02]     INFO | - Total Comments:				Limit Reached (0/0)
[05/12 11:29:02]     INFO | - Total PM:					Limit Reached (0/0)
[05/12 11:29:02]     INFO | - Total Followed:				OK (0/1)
[05/12 11:29:02]     INFO | - Total Unfollowed:				OK (0/1)
[05/12 11:29:02]     INFO | - Total Watched:				OK (0/1)
[05/12 11:29:02]     INFO | - Real Interactions (like/follow/cmt/dm):	OK (0/1)
[05/12 11:29:02]     INFO | - Profiles Visited (visits, also skipped):	OK (0/1)
[05/12 11:29:02]     INFO | - Total Crashes:				OK (0/1)
[05/12 11:29:02]     INFO | - Total Successful Scraped Users:		OK (0/50)
[05/12 11:29:03]     INFO | Current active-job: feed
[05/12 11:29:03]     INFO | Interact with your own feed
[05/12 11:29:03]     INFO | Interactions count: 1
[05/12 11:29:03]     INFO | Chance of liking: 100%
[05/12 11:29:03]     INFO | Chance of following: 0%
[05/12 11:29:03]     INFO | Chance of commenting: 0%
[05/12 11:29:03]     INFO | Chance of interacting: 100%
[05/12 11:29:03]     INFO | Chance of send PM: 0%
[05/12 11:29:03]     INFO | Skipped post limit: 1
[05/12 11:29:08]     INFO | Feed interact count: 1
[05/12 11:29:08]     INFO | Refresh feed..
[05/12 11:29:13]    ERROR | Traceback (most recent call last):
  File "C:\Users\Simone\PycharmProjects\instagram-bot-custom\GramAddict\core\device_facade.py", line 307, in swipe_points
    self.deviceV2.swipe_points([[sx, sy], [ex, ey]], uniform(0.2, 0.5))
  File "C:\Users\Simone\PycharmProjects\instagram-bot-custom\.venv\Lib\site-packages\uiautomator2\__init__.py", line 1152, in swipe_points
    return self.jsonrpc.swipePoints(ppoints, steps)
           ^^^^^^^^^^^^^^^^^^^^^^^^^^^^^^^^^^^^^^^^
  File "C:\Users\Simone\PycharmProjects\instagram-bot-custom\.venv\Lib\site-packages\uiautomator2\__init__.py", line 479, in __call__
    return self.server._jsonrpc_retry_call(self.method, params,
           ^^^^^^^^^^^^^^^^^^^^^^^^^^^^^^^^^^^^^^^^^^^^^^^^^^^^
  File "C:\Users\Simone\PycharmProjects\instagram-bot-custom\.venv\Lib\site-packages\uiautomator2\__init__.py", line 486, in _jsonrpc_retry_call
    return self._jsonrpc_call(*args, **kwargs)
           ^^^^^^^^^^^^^^^^^^^^^^^^^^^^^^^^^^^
  File "C:\Users\Simone\PycharmProjects\instagram-bot-custom\.venv\Lib\site-packages\uiautomator2\__init__.py", line 556, in _jsonrpc_call
    raise err
uiautomator2.exceptions.JSONRPCError: -32001 Jsonrpc error: <java.lang.SecurityException> data: java.lang.SecurityException: Injecting to another application requires INJECT_EVENTS permission
	at android.os.Parcel.createException(Parcel.java:2071)
	at android.os.Parcel.readException(Parcel.java:2039)
	at android.os.Parcel.readException(Parcel.java:1987)
	at android.app.IUiAutomationConnection$Stub$Proxy.injectInputEvent(IUiAutomationConnection.java:471)
	at android.app.UiAutomation.injectInputEvent(UiAutomation.java:597)
	at androidx.test.uiautomator.InteractionController.injectEventSync(InteractionController.java:690)
	at androidx.test.uiautomator.InteractionController.touchMove(InteractionController.java:370)
	at androidx.test.uiautomator.InteractionController.swipe(InteractionController.java:535)
	at androidx.test.uiautomator.UiDevice.swipe(UiDevice.java:611)
	at com.github.uiautomator.stub.AutomatorServiceImpl.swipePoints(AutomatorServiceImpl.java:256)
	at java.lang.reflect.Method.invoke(Native Method)
	at com.googlecode.jsonrpc4j.JsonRpcBasicServer.invoke(JsonRpcBasicServer.java:467)
	at com.googlecode.jsonrpc4j.JsonRpcBasicServer.handleObject(JsonRpcBasicServer.java:352)
	at com.googlecode.jsonrpc4j.JsonRpcBasicServer.handleJsonNodeRequest(JsonRpcBasicServer.java:283)
	at com.googlecode.jsonrpc4j.JsonRpcBasicServer.handleRequest(JsonRpcBasicServer.java:251)
	at com.github.uiautomator.stub.AutomatorHttpServer.serve(AutomatorHttpServer.java:100)
	at fi.iki.elonen.NanoHTTPD.serve(NanoHTTPD.java:2244)
	at fi.iki.elonen.NanoHTTPD$HTTPSession.execute(NanoHTTPD.java:945)
	at fi.iki.elonen.NanoHTTPD$ClientHandler.run(NanoHTTPD.java:192)
	at java.lang.Thread.run(Thread.java:919)
, method: swipePoints

During handling of the above exception, another exception occurred:

Traceback (most recent call last):
  File "C:\Users\Simone\PycharmProjects\instagram-bot-custom\GramAddict\core\decorators.py", line 31, in wrapper
    func(*args, **kwargs)
  File "C:\Users\Simone\PycharmProjects\instagram-bot-custom\GramAddict\plugins\interact_feed.py", line 79, in job
    self.handle_feed(
  File "C:\Users\Simone\PycharmProjects\instagram-bot-custom\GramAddict\plugins\interact_feed.py", line 134, in handle_feed
    handle_posts(
  File "C:\Users\Simone\PycharmProjects\instagram-bot-custom\GramAddict\core\handle_sources.py", line 661, in handle_posts
    PostsViewList(device)._refresh_feed()
  File "C:\Users\Simone\PycharmProjects\instagram-bot-custom\GramAddict\core\views.py", line 951, in _refresh_feed
    UniversalActions(self.device)._reload_page()
  File "C:\Users\Simone\PycharmProjects\instagram-bot-custom\GramAddict\core\views.py", line 2450, in _reload_page
    self._swipe_points(direction=Direction.UP)
  File "C:\Users\Simone\PycharmProjects\instagram-bot-custom\GramAddict\core\views.py", line 2412, in _swipe_points
    self.device.swipe_points(
  File "C:\Users\Simone\PycharmProjects\instagram-bot-custom\GramAddict\core\device_facade.py", line 310, in swipe_points
    raise DeviceFacade.JsonRpcError(e)
GramAddict.core.device_facade.DeviceFacade.JsonRpcError: -32001 Jsonrpc error: <java.lang.SecurityException> data: java.lang.SecurityException: Injecting to another application requires INJECT_EVENTS permission
	at android.os.Parcel.createException(Parcel.java:2071)
	at android.os.Parcel.readException(Parcel.java:2039)
	at android.os.Parcel.readException(Parcel.java:1987)
	at android.app.IUiAutomationConnection$Stub$Proxy.injectInputEvent(IUiAutomationConnection.java:471)
	at android.app.UiAutomation.injectInputEvent(UiAutomation.java:597)
	at androidx.test.uiautomator.InteractionController.injectEventSync(InteractionController.java:690)
	at androidx.test.uiautomator.InteractionController.touchMove(InteractionController.java:370)
	at androidx.test.uiautomator.InteractionController.swipe(InteractionController.java:535)
	at androidx.test.uiautomator.UiDevice.swipe(UiDevice.java:611)
	at com.github.uiautomator.stub.AutomatorServiceImpl.swipePoints(AutomatorServiceImpl.java:256)
	at java.lang.reflect.Method.invoke(Native Method)
	at com.googlecode.jsonrpc4j.JsonRpcBasicServer.invoke(JsonRpcBasicServer.java:467)
	at com.googlecode.jsonrpc4j.JsonRpcBasicServer.handleObject(JsonRpcBasicServer.java:352)
	at com.googlecode.jsonrpc4j.JsonRpcBasicServer.handleJsonNodeRequest(JsonRpcBasicServer.java:283)
	at com.googlecode.jsonrpc4j.JsonRpcBasicServer.handleRequest(JsonRpcBasicServer.java:251)
	at com.github.uiautomator.stub.AutomatorHttpServer.serve(AutomatorHttpServer.java:100)
	at fi.iki.elonen.NanoHTTPD.serve(NanoHTTPD.java:2244)
	at fi.iki.elonen.NanoHTTPD$HTTPSession.execute(NanoHTTPD.java:945)
	at fi.iki.elonen.NanoHTTPD$ClientHandler.run(NanoHTTPD.java:192)
	at java.lang.Thread.run(Thread.java:919)
, method: swipePoints

[05/12 11:29:14]     INFO | Crash saved as crashes\3.2.12_2026-05-12-11-29-13.zip
[05/12 11:29:14]     INFO | If you want to report this crash, please upload the dump file via a ticket in the #lobby channel on discord 
[05/12 11:29:14]     INFO | https://discord.gg/66zWWCDM7x

[05/12 11:29:15]     INFO | List of running apps: com.google.android.videos, com.android.smspush, com.android.vending, com.android.emulator.multidisplay, com.google.android.calendar, com.google.android.networkstack, com.google.android.ext.services, com.android.se, com.google.android.packageinstaller, com.google.android.youtube, com.android.providers.calendar, com.github.uiautomator, com.instagram.android, com.android.systemui, com.google.android.permissioncontroller, com.google.android.apps.photos, com.google.android.gms, com.google.android.ims, com.google.android.inputmethod.latin, com.google.android.apps.nexuslauncher, com.google.android.gm, com.android.phone.
[05/12 11:29:15]     INFO | - Total Crashes:				Limit Reached (1/1)
[05/12 11:29:15]    ERROR | Reached crashes limit. Bot has crashed too much! Please check what's going on.
[05/12 11:29:15]     INFO | Close Instagram app.
[05/12 11:29:20]     INFO | -------- FINISH: 11:29:20 --------
[05/12 11:29:20]     INFO | 
[05/12 11:29:20]     INFO | TOTAL
[05/12 11:29:20]     INFO | Completed sessions: 0
[05/12 11:29:20]     INFO | Total duration: 0:01:08
[05/12 11:29:20]     INFO | Total interactions: (0) 0
[05/12 11:29:20]     INFO | Successful interactions: (0) 0
[05/12 11:29:20]     INFO | Total followed: (0) 0
[05/12 11:29:20]     INFO | Total likes: 0
[05/12 11:29:20]     INFO | Total comments: 0
[05/12 11:29:20]     INFO | Total PM sent: 0
[05/12 11:29:20]     INFO | Total watched: 0
[05/12 11:29:20]     INFO | Total unfollowed: 0
[05/12 11:29:20]     INFO | This bot is backed with love by me for free. If you like using it, consider donating to help keep me motivated: https://www.buymeacoffee.com/mastrolube
