accounts/simonebestagno/config.yml has been saved last time at 2026-05-12 11:01:04
[05/12 11:31:43]     INFO | Checking for updates...
[05/12 11:31:43]     INFO | Bot is updated.
[05/12 11:31:43]     INFO | GramAddict v.3.2.12
[05/12 11:31:43]     INFO | Loading plugins . . .
[05/12 11:31:43]     INFO |   - ActionUnfollowFollowers: Handles the functionality of unfollowing your followers
[05/12 11:31:43]     INFO |   - ClonedApp: Adds support for cloned apps
[05/12 11:31:43]     INFO |   - CoreArguments: Simply adds core arguments
[05/12 11:31:43]     INFO |   - DataAnalytics: Generates a PDF analytics report of current username session data
[05/12 11:31:43]     INFO |   - DmFollowback: Send a DM to users who followed me back after the bot followed them.
[05/12 11:31:43]     INFO |   - InteractBloggerPostLikers: Handles the functionality of interacting with a blogger
[05/12 11:31:43]     INFO |   - InteractBloggerFollowers_Following: Handles the functionality of interacting with a bloggers followers/following
[05/12 11:31:43]     INFO |   - InteractBloggerPostLikers: Handles the functionality of interacting with a blogger post likers
[05/12 11:31:43]     INFO |   - InteractOwnFeed: Handles the functionality of interacting with your own feed
[05/12 11:31:43]     INFO |   - InteractHashtagLikers: Handles the functionality of interacting with a hashtags likers
[05/12 11:31:43]     INFO |   - InteractHashtagPosts: Handles the functionality of interacting with a hashtags post owners
[05/12 11:31:43]     INFO |   - InteractPlaceLikers: Handles the functionality of interacting with a places likers
[05/12 11:31:43]     INFO |   - InteractPlacePosts: Handles the functionality of interacting with a places post owners
[05/12 11:31:43]     INFO |   - LikeFromURLs: Likes a post from url. The urls are read from a plaintext file
[05/12 11:31:43]     INFO |   - RemoveFollowersFromList: Remove account followers from a list of usernames
[05/12 11:31:43]     INFO |   - TelegramReports: Generate reports at the end of the session and send them using telegram
[05/12 11:31:43]     INFO | Time delta has set to 00:00:26.
[05/12 11:31:44]     INFO | Screen timeout is fine!
[05/12 11:31:44]     INFO | -------- START: 11:31:44 - 2026/05/12 --------
[05/12 11:31:44]     INFO | Device screen ON and unlocked.
[05/12 11:31:44]     INFO | Open Instagram app.
[05/12 11:31:50]     INFO | Ready for botting!\U0001f92b
[05/12 11:31:52]     INFO | FastInputIME is the default keyboard.
[05/12 11:31:52]     INFO | Instagram version: 278.0.0.22.117
[05/12 11:32:12]    ERROR | Cannot find following count view.
[05/12 11:32:12]    ERROR | Exception: App has crashed / has been closed!
[05/12 11:32:13]     INFO | Crash saved as crashes\3.2.12_2026-05-12-11-32-12.zip
[05/12 11:32:13]     INFO | If you want to report this crash, please upload the dump file via a ticket in the #lobby channel on discord 
[05/12 11:32:13]     INFO | https://discord.gg/66zWWCDM7x

[05/12 11:32:14]     INFO | 
[05/12 11:32:14]     INFO | TOTAL
[05/12 11:32:14]     INFO | Completed sessions: 0
[05/12 11:32:14]     INFO | Total duration: 0:00:29
[05/12 11:32:14]     INFO | Total interactions: (0) 0
[05/12 11:32:14]     INFO | Successful interactions: (0) 0
[05/12 11:32:14]     INFO | Total followed: (0) 0
[05/12 11:32:14]     INFO | Total likes: 0
[05/12 11:32:14]     INFO | Total comments: 0
[05/12 11:32:14]     INFO | Total PM sent: 0
[05/12 11:32:14]     INFO | Total watched: 0
[05/12 11:32:14]     INFO | Total unfollowed: 0
[05/12 11:32:14]     INFO | This bot is backed with love by me for free. If you like using it, consider donating to help keep me motivated: https://www.buymeacoffee.com/mastrolube
