accounts/simonebestagno/config.yml has been saved last time at 2026-05-12 11:01:04
[05/12 11:08:59]     INFO | Checking for updates...
[05/12 11:08:59]     INFO | Bot is updated.
[05/12 11:08:59]     INFO | GramAddict v.3.2.12
[05/12 11:08:59]     INFO | Loading plugins . . .
[05/12 11:08:59]     INFO |   - ActionUnfollowFollowers: Handles the functionality of unfollowing your followers
[05/12 11:08:59]     INFO |   - ClonedApp: Adds support for cloned apps
[05/12 11:08:59]     INFO |   - CoreArguments: Simply adds core arguments
[05/12 11:08:59]     INFO |   - DataAnalytics: Generates a PDF analytics report of current username session data
[05/12 11:08:59]     INFO |   - DmFollowback: Send a DM to users who followed me back after the bot followed them.
[05/12 11:08:59]     INFO |   - InteractBloggerPostLikers: Handles the functionality of interacting with a blogger
[05/12 11:08:59]     INFO |   - InteractBloggerFollowers_Following: Handles the functionality of interacting with a bloggers followers/following
[05/12 11:08:59]     INFO |   - InteractBloggerPostLikers: Handles the functionality of interacting with a blogger post likers
[05/12 11:08:59]     INFO |   - InteractOwnFeed: Handles the functionality of interacting with your own feed
[05/12 11:08:59]     INFO |   - InteractHashtagLikers: Handles the functionality of interacting with a hashtags likers
[05/12 11:08:59]     INFO |   - InteractHashtagPosts: Handles the functionality of interacting with a hashtags post owners
[05/12 11:08:59]     INFO |   - InteractPlaceLikers: Handles the functionality of interacting with a places likers
[05/12 11:08:59]     INFO |   - InteractPlacePosts: Handles the functionality of interacting with a places post owners
[05/12 11:08:59]     INFO |   - LikeFromURLs: Likes a post from url. The urls are read from a plaintext file
[05/12 11:08:59]     INFO |   - RemoveFollowersFromList: Remove account followers from a list of usernames
[05/12 11:08:59]     INFO |   - TelegramReports: Generate reports at the end of the session and send them using telegram
[05/12 11:08:59]     INFO | Time delta has set to 00:00:32.
[05/12 11:09:00]     INFO | Screen timeout is fine!
[05/12 11:09:00]     INFO | -------- START: 11:09:00 - 2026/05/12 --------
[05/12 11:09:00]     INFO | Device screen ON and unlocked.
[05/12 11:09:00]     INFO | Open Instagram app.
[05/12 11:09:06]     INFO | Ready for botting!\U0001f92b
[05/12 11:09:08]     INFO | FastInputIME is the default keyboard.
[05/12 11:09:08]     INFO | Instagram version: 428.0.0.47.67
[05/12 11:09:08]  WARNING | You have a newer version of IG then the one tested! (Tested version: 300.0.0.29.110).
[05/12 11:09:08]  WARNING | Using an untested version of IG would cause unexpected behavior because some elements in the user interface may have been changed. Any crashes that occur with an untested version are not taken into account.
[05/12 11:09:23]     INFO | You are already logged as simonebestagno!
[05/12 11:09:24]     INFO | Refresh account...
[05/12 11:09:33]     INFO | Hello, @simonebestagno! You have 35900 followers and 823 followings so far.
[05/12 11:09:33]     INFO | You have 1 session(s) left. You can stop the bot by pressing CTRL+C in console.
[05/12 11:09:36]     INFO | There is/are 1 active-job(s) and 0 unfollow-job(s) scheduled for this session.
[05/12 11:09:36]  WARNING | Filters are disabled! (The default values in the documentation have been chosen!)
[05/12 11:09:36]     INFO | [throttle] ActionThrottler disabled by config.
[05/12 11:09:36]     INFO | ----------------------------------------------------------------------
[05/12 11:09:36]     INFO | Session ending conditions:          Value
[05/12 11:09:36]     INFO | ----------------------------------------------------------------------
[05/12 11:09:36]     INFO | Likes:                              True
[05/12 11:09:36]     INFO | Follows:                            False
[05/12 11:09:36]     INFO | Watches:                            False
[05/12 11:09:36]     INFO | Comments:                           False
[05/12 11:09:36]     INFO | PM:                                 False
[05/12 11:09:36]     INFO | Total actions:                      True (not mutable)
[05/12 11:09:36]     INFO | Total successfull actions:          True (not mutable)
[05/12 11:09:36]     INFO | For more info -> https://github.com/GramAddict/docs/blob/main/configuration.md#ending-session-conditions
[05/12 11:09:36]     INFO | ----------------------------------------------------------------------
[05/12 11:09:46]     INFO | Checking session limits:
[05/12 11:09:46]     INFO | - Total Likes:				OK (0/1)
[05/12 11:09:46]     INFO | - Total Comments:				Limit Reached (0/0)
[05/12 11:09:46]     INFO | - Total PM:					Limit Reached (0/0)
[05/12 11:09:46]     INFO | - Total Followed:				OK (0/1)
[05/12 11:09:46]     INFO | - Total Unfollowed:				OK (0/1)
[05/12 11:09:46]     INFO | - Total Watched:				OK (0/1)
[05/12 11:09:46]     INFO | - Real Interactions (like/follow/cmt/dm):	OK (0/1)
[05/12 11:09:46]     INFO | - Profiles Visited (visits, also skipped):	OK (0/1)
[05/12 11:09:46]     INFO | - Total Crashes:				OK (0/1)
[05/12 11:09:46]     INFO | - Total Successful Scraped Users:		OK (0/50)
[05/12 11:09:47]     INFO | Current active-job: feed
[05/12 11:09:47]     INFO | Interact with your own feed
[05/12 11:09:47]     INFO | Interactions count: 1
[05/12 11:09:47]     INFO | Chance of liking: 100%
[05/12 11:09:47]     INFO | Chance of following: 0%
[05/12 11:09:47]     INFO | Chance of commenting: 0%
[05/12 11:09:47]     INFO | Chance of interacting: 100%
[05/12 11:09:47]     INFO | Chance of send PM: 0%
[05/12 11:09:47]     INFO | Skipped post limit: 1
[05/12 11:09:51]     INFO | Feed interact count: 1
[05/12 11:09:51]     INFO | Refresh feed..
[05/12 11:10:26]     INFO | This post hasn't the description...
[05/12 11:10:33]     INFO | @sofia_merolli_: interact
[05/12 11:10:34]     INFO | - Total Likes:				OK (0/1)
[05/12 11:10:39]    ERROR | Traceback (most recent call last):
  File "C:\Users\Simone\PycharmProjects\instagram-bot-custom\GramAddict\core\device_facade.py", line 620, in get_bounds
    return self.viewV2.info["bounds"]
           ^^^^^^^^^^^^^^^^
  File "C:\Users\Simone\PycharmProjects\instagram-bot-custom\.venv\Lib\site-packages\decorator.py", line 235, in fun
    return caller(func, *(extras + args), **kw)
           ^^^^^^^^^^^^^^^^^^^^^^^^^^^^^^^^^^^^
  File "C:\Users\Simone\PycharmProjects\instagram-bot-custom\.venv\Lib\site-packages\retry\api.py", line 73, in retry_decorator
    return __retry_internal(partial(f, *args, **kwargs), exceptions, tries, delay, max_delay, backoff, jitter,
           ^^^^^^^^^^^^^^^^^^^^^^^^^^^^^^^^^^^^^^^^^^^^^^^^^^^^^^^^^^^^^^^^^^^^^^^^^^^^^^^^^^^^^^^^^^^^^^^^^^^
  File "C:\Users\Simone\PycharmProjects\instagram-bot-custom\.venv\Lib\site-packages\retry\api.py", line 33, in __retry_internal
    return f()
           ^^^
  File "C:\Users\Simone\PycharmProjects\instagram-bot-custom\.venv\Lib\site-packages\uiautomator2\_selector.py", line 130, in info
    return self.jsonrpc.objInfo(self.selector)
           ^^^^^^^^^^^^^^^^^^^^^^^^^^^^^^^^^^^
  File "C:\Users\Simone\PycharmProjects\instagram-bot-custom\.venv\Lib\site-packages\uiautomator2\__init__.py", line 479, in __call__
    return self.server._jsonrpc_retry_call(self.method, params,
           ^^^^^^^^^^^^^^^^^^^^^^^^^^^^^^^^^^^^^^^^^^^^^^^^^^^^
  File "C:\Users\Simone\PycharmProjects\instagram-bot-custom\.venv\Lib\site-packages\uiautomator2\__init__.py", line 486, in _jsonrpc_retry_call
    return self._jsonrpc_call(*args, **kwargs)
           ^^^^^^^^^^^^^^^^^^^^^^^^^^^^^^^^^^^
  File "C:\Users\Simone\PycharmProjects\instagram-bot-custom\.venv\Lib\site-packages\uiautomator2\__init__.py", line 556, in _jsonrpc_call
    raise err
uiautomator2.exceptions.UiObjectNotFoundError: -32001 Jsonrpc error: <androidx.test.uiautomator.UiObjectNotFoundException> data: UiSelector[RESOURCE_ID_REGEX=com.instagram.android:id/zoomable_view_container|com.instagram.android:id/carousel_media_group|com.instagram.android:id/sponsored_content_server_rendered_root|com.instagram.android:id/collection_root_view|com.instagram.android:id/media_content_location], method: objInfo

During handling of the above exception, another exception occurred:

Traceback (most recent call last):
  File "C:\Users\Simone\PycharmProjects\instagram-bot-custom\GramAddict\core\decorators.py", line 31, in wrapper
    func(*args, **kwargs)
  File "C:\Users\Simone\PycharmProjects\instagram-bot-custom\GramAddict\plugins\interact_feed.py", line 79, in job
    self.handle_feed(
  File "C:\Users\Simone\PycharmProjects\instagram-bot-custom\GramAddict\plugins\interact_feed.py", line 134, in handle_feed
    handle_posts(
  File "C:\Users\Simone\PycharmProjects\instagram-bot-custom\GramAddict\core\handle_sources.py", line 837, in handle_posts
    post_view_list.swipe_to_fit_posts(SwipeTo.HALF_PHOTO)
  File "C:\Users\Simone\PycharmProjects\instagram-bot-custom\GramAddict\core\views.py", line 621, in swipe_to_fit_posts
    ).get_bounds()["bottom"]
      ^^^^^^^^^^^^
  File "C:\Users\Simone\PycharmProjects\instagram-bot-custom\GramAddict\core\device_facade.py", line 622, in get_bounds
    raise DeviceFacade.JsonRpcError(e)
GramAddict.core.device_facade.DeviceFacade.JsonRpcError: -32001 Jsonrpc error: <androidx.test.uiautomator.UiObjectNotFoundException> data: UiSelector[RESOURCE_ID_REGEX=com.instagram.android:id/zoomable_view_container|com.instagram.android:id/carousel_media_group|com.instagram.android:id/sponsored_content_server_rendered_root|com.instagram.android:id/collection_root_view|com.instagram.android:id/media_content_location], method: objInfo

[05/12 11:10:41]     INFO | Crash saved as crashes\3.2.12_2026-05-12-11-10-39.zip
[05/12 11:10:41]     INFO | If you want to report this crash, please upload the dump file via a ticket in the #lobby channel on discord 
[05/12 11:10:41]     INFO | https://discord.gg/66zWWCDM7x

[05/12 11:10:42]     INFO | List of running apps: com.android.phone, com.google.android.inputmethod.latin, com.android.vending, com.google.android.ext.services, com.google.android.gms, com.google.android.videos, com.android.systemui, com.google.android.apps.maps, com.google.android.gm, com.android.emulator.multidisplay, com.google.android.apps.nexuslauncher, com.google.android.permissioncontroller, com.google.android.networkstack, com.instagram.android, com.android.smspush, com.google.android.setupwizard, com.github.uiautomator, com.google.android.ims, com.google.android.packageinstaller, com.android.se, com.google.android.apps.photos.
[05/12 11:10:42]     INFO | - Total Crashes:				Limit Reached (1/1)
[05/12 11:10:42]    ERROR | Reached crashes limit. Bot has crashed too much! Please check what's going on.
[05/12 11:10:42]     INFO | Close Instagram app.
[05/12 11:10:47]     INFO | -------- FINISH: 11:10:47 --------
[05/12 11:10:47]     INFO | 
[05/12 11:10:47]     INFO | TOTAL
[05/12 11:10:47]     INFO | Completed sessions: 0
[05/12 11:10:47]     INFO | Total duration: 0:01:46
[05/12 11:10:47]     INFO | Total interactions: (0) 0
[05/12 11:10:47]     INFO | Successful interactions: (0) 0
[05/12 11:10:47]     INFO | Total followed: (0) 0
[05/12 11:10:47]     INFO | Total likes: 0
[05/12 11:10:47]     INFO | Total comments: 0
[05/12 11:10:47]     INFO | Total PM sent: 0
[05/12 11:10:47]     INFO | Total watched: 0
[05/12 11:10:47]     INFO | Total unfollowed: 0
[05/12 11:10:47]     INFO | This bot is backed with love by me for free. If you like using it, consider donating to help keep me motivated: https://www.buymeacoffee.com/mastrolube
